0 info it worked if it ends with ok
1 verbose cli [ '/usr/local/Cellar/node/6.1.0/bin/node',
1 verbose cli   '/opt/local/bin/npm',
1 verbose cli   'start' ]
2 info using npm@3.7.5
3 info using node@v6.1.0
4 verbose run-script [ 'prestart', 'start', 'poststart' ]
5 info lifecycle Firebot@0.0.1~prestart: Firebot@0.0.1
6 silly lifecycle Firebot@0.0.1~prestart: no script for prestart, continuing
7 info lifecycle Firebot@0.0.1~start: Firebot@0.0.1
8 verbose lifecycle Firebot@0.0.1~start: unsafe-perm in lifecycle true
9 verbose lifecycle Firebot@0.0.1~start: PATH: /opt/local/lib/node_modules/npm/bin/node-gyp-bin:/Users/haleyt/PROJECTS/firebot_ci/node_modules/.bin:/usr/local/Cellar/node/6.1.0/bin:/Library/Frameworks/Python.framework/Versions/3.6/bin:/Users/haleyt/google-cloud-sdk/bin:/Users/haleyt/.rbenv/shims:/Users/haleyt/.rbenv/bin:/opt/local/bin:/opt/local/sbin:/usr/bin:/bin:/usr/sbin:/sbin:/usr/local/bin:/Applications/Postgres.app/Contents/Versions/9.4/bin:/Users/haleyt/.rvm/bin
10 verbose lifecycle Firebot@0.0.1~start: CWD: /Users/haleyt/PROJECTS/firebot_ci
11 silly lifecycle Firebot@0.0.1~start: Args: [ '-c', 'node bin/www' ]
12 silly lifecycle Firebot@0.0.1~start: Returned: code: 1  signal: null
13 info lifecycle Firebot@0.0.1~start: Failed to exec start script
14 verbose stack Error: Firebot@0.0.1 start: `node bin/www`
14 verbose stack Exit status 1
14 verbose stack     at EventEmitter.<anonymous> (/opt/local/lib/node_modules/npm/lib/utils/lifecycle.js:239:16)
14 verbose stack     at emitTwo (events.js:106:13)
14 verbose stack     at EventEmitter.emit (events.js:191:7)
14 verbose stack     at ChildProcess.<anonymous> (/opt/local/lib/node_modules/npm/lib/utils/spawn.js:24:14)
14 verbose stack     at emitTwo (events.js:106:13)
14 verbose stack     at ChildProcess.emit (events.js:191:7)
14 verbose stack     at maybeClose (internal/child_process.js:850:16)
14 verbose stack     at Process.ChildProcess._handle.onexit (internal/child_process.js:215:5)
15 verbose pkgid Firebot@0.0.1
16 verbose cwd /Users/haleyt/PROJECTS/firebot_ci
17 error Darwin 13.4.0
18 error argv "/usr/local/Cellar/node/6.1.0/bin/node" "/opt/local/bin/npm" "start"
19 error node v6.1.0
20 error npm  v3.7.5
21 error code ELIFECYCLE
22 error Firebot@0.0.1 start: `node bin/www`
22 error Exit status 1
23 error Failed at the Firebot@0.0.1 start script 'node bin/www'.
23 error Make sure you have the latest version of node.js and npm installed.
23 error If you do, this is most likely a problem with the Firebot package,
23 error not with npm itself.
23 error Tell the author that this fails on your system:
23 error     node bin/www
23 error You can get information on how to open an issue for this project with:
23 error     npm bugs Firebot
23 error Or if that isn't available, you can get their info via:
23 error     npm owner ls Firebot
23 error There is likely additional logging output above.
24 verbose exit [ 1, true ]
